<?xml version="1.0" encoding="UTF-8"?>
<testng-results ignored="0" total="1" passed="1" failed="0" skipped="0">
  <reporter-output>
  </reporter-output>
  <suite started-at="2023-03-30T00:33:39 IST" name="Default suite" finished-at="2023-03-30T00:33:54 IST" duration-ms="15121">
    <groups>
    </groups>
    <test started-at="2023-03-30T00:33:39 IST" name="Default test" finished-at="2023-03-30T00:33:54 IST" duration-ms="15121">
      <class name="mobileautomation.Appium.AppiumBasics">
        <test-method signature="clickOnPreferencesBtn()[pri:0, instance:mobileautomation.Appium.AppiumBasics@5b1669c0]" started-at="2023-03-30T00:33:39 IST" name="clickOnPreferencesBtn" finished-at="2023-03-30T00:33:54 IST" duration-ms="15080" status="PASS">
          <reporter-output>
          </reporter-output>
        </test-method> <!-- clickOnPreferencesBtn -->
      </class> <!-- mobileautomation.Appium.AppiumBasics -->
    </test> <!-- Default test -->
  </suite> <!-- Default suite -->
</testng-results>
